{"build/hub.test.js":{"path":"build/hub.test.js","s":{"1":1,"2":1,"3":38,"4":1,"5":1,"6":1,"7":1,"8":1,"9":1,"10":26,"11":26,"12":26,"13":26,"14":26,"15":26,"16":26,"17":23,"18":26,"19":1,"20":16,"21":16,"22":1,"23":38,"24":38,"25":38,"26":38,"27":38,"28":40,"29":40,"30":40,"31":38,"32":1,"33":8,"34":8,"35":8,"36":8,"37":8,"38":5,"39":8,"40":8,"41":2,"42":2,"43":3,"44":5,"45":1,"46":0,"47":1,"48":0,"49":0,"50":1,"51":1},"b":{"1":[26,5],"2":[23,3],"3":[40,32],"4":[8,1],"5":[5,3],"6":[2,6],"7":[8,6],"8":[0,1],"9":[1,0],"10":[0,1],"11":[1,0],"12":[1,0]},"f":{"1":1,"2":38,"3":0,"4":26,"5":16,"6":38,"7":8,"8":0},"fnMap":{"1":{"name":"(anonymous_1)","line":1,"loc":{"start":{"line":1,"column":1},"end":{"line":1,"column":13}}},"2":{"name":"(anonymous_2)","line":11,"loc":{"start":{"line":11,"column":13},"end":{"line":11,"column":28}}},"3":{"name":"(anonymous_3)","line":18,"loc":{"start":{"line":18,"column":14},"end":{"line":18,"column":26}}},"4":{"name":"(anonymous_4)","line":29,"loc":{"start":{"line":29,"column":15},"end":{"line":29,"column":34}}},"5":{"name":"(anonymous_5)","line":45,"loc":{"start":{"line":45,"column":17},"end":{"line":45,"column":29}}},"6":{"name":"(anonymous_6)","line":50,"loc":{"start":{"line":50,"column":16},"end":{"line":50,"column":54}}},"7":{"name":"(anonymous_7)","line":69,"loc":{"start":{"line":69,"column":17},"end":{"line":69,"column":45}}},"8":{"name":"(anonymous_8)","line":97,"loc":{"start":{"line":97,"column":22},"end":{"line":97,"column":34}}}},"statementMap":{"1":{"start":{"line":1,"column":0},"end":{"line":104,"column":5}},"2":{"start":{"line":11,"column":2},"end":{"line":13,"column":4}},"3":{"start":{"line":12,"column":4},"end":{"line":12,"column":37}},"4":{"start":{"line":15,"column":2},"end":{"line":15,"column":26}},"5":{"start":{"line":16,"column":2},"end":{"line":16,"column":25}},"6":{"start":{"line":17,"column":2},"end":{"line":17,"column":21}},"7":{"start":{"line":18,"column":2},"end":{"line":20,"column":4}},"8":{"start":{"line":27,"column":2},"end":{"line":27,"column":15}},"9":{"start":{"line":29,"column":2},"end":{"line":43,"column":4}},"10":{"start":{"line":30,"column":4},"end":{"line":30,"column":51}},"11":{"start":{"line":31,"column":4},"end":{"line":31,"column":19}},"12":{"start":{"line":32,"column":4},"end":{"line":32,"column":31}},"13":{"start":{"line":33,"column":4},"end":{"line":33,"column":15}},"14":{"start":{"line":35,"column":4},"end":{"line":40,"column":5}},"15":{"start":{"line":36,"column":6},"end":{"line":36,"column":34}},"16":{"start":{"line":37,"column":6},"end":{"line":39,"column":7}},"17":{"start":{"line":38,"column":8},"end":{"line":38,"column":64}},"18":{"start":{"line":42,"column":4},"end":{"line":42,"column":16}},"19":{"start":{"line":45,"column":2},"end":{"line":48,"column":4}},"20":{"start":{"line":46,"column":4},"end":{"line":46,"column":23}},"21":{"start":{"line":47,"column":4},"end":{"line":47,"column":16}},"22":{"start":{"line":50,"column":2},"end":{"line":67,"column":4}},"23":{"start":{"line":51,"column":4},"end":{"line":51,"column":44}},"24":{"start":{"line":53,"column":4},"end":{"line":53,"column":16}},"25":{"start":{"line":54,"column":4},"end":{"line":54,"column":28}},"26":{"start":{"line":55,"column":4},"end":{"line":55,"column":15}},"27":{"start":{"line":57,"column":4},"end":{"line":64,"column":5}},"28":{"start":{"line":58,"column":6},"end":{"line":58,"column":28}},"29":{"start":{"line":59,"column":6},"end":{"line":59,"column":60}},"30":{"start":{"line":60,"column":6},"end":{"line":63,"column":9}},"31":{"start":{"line":66,"column":4},"end":{"line":66,"column":16}},"32":{"start":{"line":69,"column":2},"end":{"line":88,"column":4}},"33":{"start":{"line":70,"column":4},"end":{"line":70,"column":51}},"34":{"start":{"line":71,"column":4},"end":{"line":71,"column":19}},"35":{"start":{"line":72,"column":4},"end":{"line":72,"column":31}},"36":{"start":{"line":73,"column":4},"end":{"line":73,"column":15}},"37":{"start":{"line":75,"column":4},"end":{"line":85,"column":5}},"38":{"start":{"line":76,"column":6},"end":{"line":82,"column":7}},"39":{"start":{"line":77,"column":8},"end":{"line":77,"column":36}},"40":{"start":{"line":78,"column":8},"end":{"line":81,"column":9}},"41":{"start":{"line":79,"column":10},"end":{"line":79,"column":37}},"42":{"start":{"line":80,"column":10},"end":{"line":80,"column":22}},"43":{"start":{"line":84,"column":6},"end":{"line":84,"column":40}},"44":{"start":{"line":87,"column":4},"end":{"line":87,"column":16}},"45":{"start":{"line":94,"column":2},"end":{"line":102,"column":3}},"46":{"start":{"line":95,"column":4},"end":{"line":95,"column":25}},"47":{"start":{"line":96,"column":9},"end":{"line":102,"column":3}},"48":{"start":{"line":97,"column":4},"end":{"line":99,"column":7}},"49":{"start":{"line":98,"column":6},"end":{"line":98,"column":17}},"50":{"start":{"line":100,"column":9},"end":{"line":102,"column":3}},"51":{"start":{"line":101,"column":4},"end":{"line":101,"column":21}}},"branchMap":{"1":{"line":30,"type":"binary-expr","locations":[{"start":{"line":30,"column":22},"end":{"line":30,"column":44}},{"start":{"line":30,"column":48},"end":{"line":30,"column":50}}]},"2":{"line":37,"type":"if","locations":[{"start":{"line":37,"column":6},"end":{"line":37,"column":6}},{"start":{"line":37,"column":6},"end":{"line":37,"column":6}}]},"3":{"line":59,"type":"binary-expr","locations":[{"start":{"line":59,"column":31},"end":{"line":59,"column":53}},{"start":{"line":59,"column":57},"end":{"line":59,"column":59}}]},"4":{"line":70,"type":"binary-expr","locations":[{"start":{"line":70,"column":22},"end":{"line":70,"column":44}},{"start":{"line":70,"column":48},"end":{"line":70,"column":50}}]},"5":{"line":75,"type":"if","locations":[{"start":{"line":75,"column":4},"end":{"line":75,"column":4}},{"start":{"line":75,"column":4},"end":{"line":75,"column":4}}]},"6":{"line":78,"type":"if","locations":[{"start":{"line":78,"column":8},"end":{"line":78,"column":8}},{"start":{"line":78,"column":8},"end":{"line":78,"column":8}}]},"7":{"line":78,"type":"binary-expr","locations":[{"start":{"line":78,"column":12},"end":{"line":78,"column":36}},{"start":{"line":78,"column":40},"end":{"line":78,"column":70}}]},"8":{"line":94,"type":"if","locations":[{"start":{"line":94,"column":2},"end":{"line":94,"column":2}},{"start":{"line":94,"column":2},"end":{"line":94,"column":2}}]},"9":{"line":94,"type":"binary-expr","locations":[{"start":{"line":94,"column":6},"end":{"line":94,"column":32}},{"start":{"line":94,"column":36},"end":{"line":94,"column":70}}]},"10":{"line":96,"type":"if","locations":[{"start":{"line":96,"column":9},"end":{"line":96,"column":9}},{"start":{"line":96,"column":9},"end":{"line":96,"column":9}}]},"11":{"line":96,"type":"binary-expr","locations":[{"start":{"line":96,"column":13},"end":{"line":96,"column":41}},{"start":{"line":96,"column":45},"end":{"line":96,"column":55}}]},"12":{"line":100,"type":"if","locations":[{"start":{"line":100,"column":9},"end":{"line":100,"column":9}},{"start":{"line":100,"column":9},"end":{"line":100,"column":9}}]}}}}