{"build/hub.min.js":{"path":"build/hub.min.js","s":{"1":1,"2":1,"3":1,"4":1,"5":37,"6":19,"7":44,"8":6,"9":1,"10":0},"b":{"1":[0,1],"2":[1,0],"3":[0,1],"4":[1,0],"5":[1,1]},"f":{"1":1,"2":1,"3":37,"4":19,"5":44,"6":6,"7":0},"fnMap":{"1":{"name":"(anonymous_1)","line":1,"loc":{"start":{"line":1,"column":1},"end":{"line":1,"column":11}}},"2":{"name":"(anonymous_2)","line":1,"loc":{"start":{"line":1,"column":31},"end":{"line":1,"column":41}}},"3":{"name":"(anonymous_3)","line":1,"loc":{"start":{"line":1,"column":86},"end":{"line":1,"column":97}}},"4":{"name":"(anonymous_4)","line":1,"loc":{"start":{"line":1,"column":128},"end":{"line":1,"column":138}}},"5":{"name":"(anonymous_5)","line":1,"loc":{"start":{"line":1,"column":163},"end":{"line":1,"column":178}}},"6":{"name":"(anonymous_6)","line":1,"loc":{"start":{"line":1,"column":213},"end":{"line":1,"column":226}}},"7":{"name":"(anonymous_7)","line":1,"loc":{"start":{"line":1,"column":384},"end":{"line":1,"column":394}}}},"statementMap":{"1":{"start":{"line":1,"column":0},"end":{"line":1,"column":449}},"2":{"start":{"line":1,"column":25},"end":{"line":1,"column":256}},"3":{"start":{"line":1,"column":42},"end":{"line":1,"column":73}},"4":{"start":{"line":1,"column":73},"end":{"line":1,"column":252}},"5":{"start":{"line":1,"column":98},"end":{"line":1,"column":118}},"6":{"start":{"line":1,"column":139},"end":{"line":1,"column":155}},"7":{"start":{"line":1,"column":179},"end":{"line":1,"column":203}},"8":{"start":{"line":1,"column":227},"end":{"line":1,"column":249}},"9":{"start":{"line":1,"column":256},"end":{"line":1,"column":445}},"10":{"start":{"line":1,"column":395},"end":{"line":1,"column":403}}},"branchMap":{"1":{"line":1,"type":"cond-expr","locations":[{"start":{"line":1,"column":313},"end":{"line":1,"column":329}},{"start":{"line":1,"column":330},"end":{"line":1,"column":445}}]},"2":{"line":1,"type":"binary-expr","locations":[{"start":{"line":1,"column":256},"end":{"line":1,"column":279}},{"start":{"line":1,"column":281},"end":{"line":1,"column":312}}]},"3":{"line":1,"type":"cond-expr","locations":[{"start":{"line":1,"column":368},"end":{"line":1,"column":405}},{"start":{"line":1,"column":406},"end":{"line":1,"column":445}}]},"4":{"line":1,"type":"binary-expr","locations":[{"start":{"line":1,"column":330},"end":{"line":1,"column":355}},{"start":{"line":1,"column":357},"end":{"line":1,"column":367}}]},"5":{"line":1,"type":"binary-expr","locations":[{"start":{"line":1,"column":406},"end":{"line":1,"column":429}},{"start":{"line":1,"column":432},"end":{"line":1,"column":444}}]}}}}